Arguments: 
  /home/luigi/.nvm/versions/node/v16.14.0/bin/node /usr/bin/yarn start

PATH: 
  /home/luigi/.nvm/versions/node/v16.14.0/bin:/usr/local/bin:/usr/bin:/bin:/usr/games:/opt/blender:/usr/lib64/java/bin:/usr/lib64/java/jre/bin:/usr/lib64/libexec/kf5:/usr/lib64/qt5/bin:/run/media/luigi/Trascend/Sdk/emulator:/run/media/luigi/Trascend/Sdk/tools:/run/media/luigi/Trascend/Sdk/tools/bin:/run/media/luigi/Trascend/Sdk/platform-tools:/home/luigi/anaconda3/bin:/home/luigi/.local/bin

Yarn version: 
  1.22.17

Node version: 
  16.14.0

Platform: 
  linux x64

Trace: 
  SyntaxError: /home/luigi/computer/programming/projects/vulcano/progetti/hackupc/HackUPC/backend/package.json: Unexpected token } in JSON at position 363
      at JSON.parse (<anonymous>)
      at /usr/lib64/node_modules/yarn/lib/cli.js:1625:59
      at Generator.next (<anonymous>)
      at step (/usr/lib64/node_modules/yarn/lib/cli.js:310:30)
      at /usr/lib64/node_modules/yarn/lib/cli.js:321:13

npm manifest: 
  {
    "name": "escape-hackupc-backend",
    "version": "0.1",
    "description": "Backend for the Escape Hackaton game",
    "main": "src/index.js",
    "repository": "https://github.com/XEmAX32/HackUPC",
    "author": "Luigi Masini <luigimasini.lm@gmail.com>",
    "license": "MIT",
    "private": true,
    "type": "module",
    "scripts": {
      "start": "nodemon src/index.js",
    },
    "dependencies": {
    },
    "devDependencies": {}
  }

yarn manifest: 
  No manifest

Lockfile: 
  # THIS IS AN AUTOGENERATED FILE. DO NOT EDIT THIS FILE DIRECTLY.
  # yarn lockfile v1
